<?xml version="1.0" encoding="UTF-8"?>
<testsuite name="ImplementationReviewRegressionTest[jvm]" tests="1" skipped="0" failures="1" errors="0" timestamp="2026-09-16T11:43:52.321Z" hostname="Mac" time="0.615">
  <properties/>
  <testcase name="legacyPersistedTrendMustMatchCanonicalAfterPolicyInitialization[jvm]" classname="app.wlo.core.data.ImplementationReviewRegressionTest" time="0.613">
    <failure message="java.lang.AssertionError: Policy upgrade must not retain minimum-policy trend rows expected:&lt;80.0&gt; but was:&lt;79.0&gt;" type="java.lang.AssertionError">java.lang.AssertionError: Policy upgrade must not retain minimum-policy trend rows expected:&lt;80.0&gt; but was:&lt;79.0&gt;
	at org.junit.Assert.fail(Assert.java:89)
	at org.junit.Assert.failNotEquals(Assert.java:835)
	at org.junit.Assert.assertEquals(Assert.java:120)
	at kotlin.test.junit.JUnitAsserter.assertEquals(JUnitSupport.kt:32)
	at kotlin.test.AssertionsKt__AssertionsKt.assertEquals(Assertions.kt:83)
	at kotlin.test.AssertionsKt.assertEquals(Unknown Source)
	at app.wlo.core.data.ImplementationReviewRegressionTest$legacyPersistedTrendMustMatchCanonicalAfterPolicyInitialization$1.invokeSuspend(ImplementationReviewRegressionTest.kt:39)
	at kotlin.coroutines.jvm.internal.BaseContinuationImpl.resumeWith(ContinuationImpl.kt:34)
	at kotlinx.coroutines.DispatchedTask.run(DispatchedTask.kt:100)
	at kotlinx.coroutines.test.TestDispatcher.processEvent$kotlinx_coroutines_test(TestDispatcher.kt:24)
	at kotlinx.coroutines.test.TestCoroutineScheduler.tryRunNextTaskUnless$kotlinx_coroutines_test(TestCoroutineScheduler.kt:98)
	at kotlinx.coroutines.test.TestBuildersKt__TestBuildersKt$runTest$2$1$workRunner$1.invokeSuspend(TestBuilders.kt:326)
	at kotlin.coroutines.jvm.internal.BaseContinuationImpl.resumeWith(ContinuationImpl.kt:34)
	at kotlinx.coroutines.DispatchedTask.run(DispatchedTask.kt:100)
	at kotlinx.coroutines.EventLoopImplBase.processNextEvent(EventLoop.common.kt:256)
	at kotlinx.coroutines.BlockingCoroutine.joinBlocking(Builders.kt:54)
	at kotlinx.coroutines.BuildersKt__BuildersKt.runBlockingImpl(Builders.kt:30)
	at kotlinx.coroutines.BuildersKt.runBlockingImpl(Unknown Source)
	at kotlinx.coroutines.BuildersKt__Builders_concurrentKt.runBlockingK(Builders.concurrent.kt:172)
	at kotlinx.coroutines.BuildersKt.runBlockingK(Unknown Source)
	at kotlinx.coroutines.BuildersKt__Builders_concurrentKt.runBlockingK$default(Builders.concurrent.kt:157)
	at kotlinx.coroutines.BuildersKt.runBlockingK$default(Unknown Source)
	at kotlinx.coroutines.test.TestBuildersJvmKt.createTestResult(TestBuildersJvm.kt:10)
	at kotlinx.coroutines.test.TestBuildersKt__TestBuildersKt.runTest-8Mi8wO0(TestBuilders.kt:309)
	at kotlinx.coroutines.test.TestBuildersKt.runTest-8Mi8wO0(TestBuilders.kt:1)
	at kotlinx.coroutines.test.TestBuildersKt__TestBuildersKt.runTest-8Mi8wO0(TestBuilders.kt:167)
	at kotlinx.coroutines.test.TestBuildersKt.runTest-8Mi8wO0(TestBuilders.kt:1)
	at kotlinx.coroutines.test.TestBuildersKt__TestBuildersKt.runTest-8Mi8wO0$default(TestBuilders.kt:159)
	at kotlinx.coroutines.test.TestBuildersKt.runTest-8Mi8wO0$default(TestBuilders.kt:1)
	at app.wlo.core.data.ImplementationReviewRegressionTest.legacyPersistedTrendMustMatchCanonicalAfterPolicyInitialization(ImplementationReviewRegressionTest.kt:18)
	at java.base/jdk.internal.reflect.DirectMethodHandleAccessor.invoke(Unknown Source)
	at java.base/java.lang.reflect.Method.invoke(Unknown Source)
	at org.junit.runners.model.FrameworkMethod$1.runReflectiveCall(FrameworkMethod.java:59)
	at org.junit.internal.runners.model.ReflectiveCallable.run(ReflectiveCallable.java:12)
	at org.junit.runners.model.FrameworkMethod.invokeExplosively(FrameworkMethod.java:56)
	at org.junit.internal.runners.statements.InvokeMethod.evaluate(InvokeMethod.java:17)
	at org.junit.runners.ParentRunner$3.evaluate(ParentRunner.java:306)
	at org.junit.runners.BlockJUnit4ClassRunner$1.evaluate(BlockJUnit4ClassRunner.java:100)
	at org.junit.runners.ParentRunner.runLeaf(ParentRunner.java:366)
	at org.junit.runners.BlockJUnit4ClassRunner.runChild(BlockJUnit4ClassRunner.java:103)
	at org.junit.runners.BlockJUnit4ClassRunner.runChild(BlockJUnit4ClassRunner.java:63)
	at org.junit.runners.ParentRunner$4.run(ParentRunner.java:331)
	at org.junit.runners.ParentRunner$1.schedule(ParentRunner.java:79)
	at org.junit.runners.ParentRunner.runChildren(ParentRunner.java:329)
	at org.junit.runners.ParentRunner.access$100(ParentRunner.java:66)
	at org.junit.runners.ParentRunner$2.evaluate(ParentRunner.java:293)
	at org.junit.runners.ParentRunner$3.evaluate(ParentRunner.java:306)
	at org.junit.runners.ParentRunner.run(ParentRunner.java:413)
	at org.junit.runner.JUnitCore.run(JUnitCore.java:137)
	at org.junit.runner.JUnitCore.run(JUnitCore.java:115)
	at org.gradle.api.internal.tasks.testing.junit.JUnitTestExecutor.runRequest(JUnitTestExecutor.java:174)
	at org.gradle.api.internal.tasks.testing.junit.JUnitTestExecutor.accept(JUnitTestExecutor.java:84)
	at org.gradle.api.internal.tasks.testing.junit.JUnitTestExecutor.accept(JUnitTestExecutor.java:47)
	at org.gradle.api.internal.tasks.testing.junit.AbstractJUnitTestDefinitionProcessor.processTestDefinition(AbstractJUnitTestDefinitionProcessor.java:65)
	at org.gradle.api.internal.tasks.testing.SuiteTestDefinitionProcessor.processTestDefinition(SuiteTestDefinitionProcessor.java:53)
	at java.base/jdk.internal.reflect.DirectMethodHandleAccessor.invoke(Unknown Source)
	at java.base/java.lang.reflect.Method.invoke(Unknown Source)
	at org.gradle.internal.dispatch.MethodInvocation.invokeOn(MethodInvocation.java:77)
	at org.gradle.internal.dispatch.ReflectionDispatch.dispatch(ReflectionDispatch.java:28)
	at org.gradle.internal.dispatch.ReflectionDispatch.dispatch(ReflectionDispatch.java:19)
	at org.gradle.internal.dispatch.ContextClassLoaderDispatch.dispatch(ContextClassLoaderDispatch.java:33)
	at org.gradle.internal.dispatch.ProxyDispatchAdapter$DispatchingInvocationHandler.invoke(ProxyDispatchAdapter.java:88)
	at jdk.proxy1/jdk.proxy1.$Proxy4.processTestDefinition(Unknown Source)
	at org.gradle.api.internal.tasks.testing.worker.TestWorker$2.run(TestWorker.java:178)
	at org.gradle.api.internal.tasks.testing.worker.TestWorker.executeAndMaintainThreadName(TestWorker.java:126)
	at org.gradle.api.internal.tasks.testing.worker.TestWorker.execute(TestWorker.java:103)
	at org.gradle.api.internal.tasks.testing.worker.TestWorker.execute(TestWorker.java:63)
	at org.gradle.process.internal.worker.child.ActionExecutionWorker.execute(ActionExecutionWorker.java:56)
	at org.gradle.process.internal.worker.child.SystemApplicationClassLoaderWorker.call(SystemApplicationClassLoaderWorker.java:122)
	at org.gradle.process.internal.worker.child.SystemApplicationClassLoaderWorker.call(SystemApplicationClassLoaderWorker.java:72)
	at worker.org.gradle.process.internal.worker.GradleWorkerMain.run(GradleWorkerMain.java:69)
	at worker.org.gradle.process.internal.worker.GradleWorkerMain.main(GradleWorkerMain.java:74)
</failure>
  </testcase>
  <system-out><![CDATA[REVIEW EVIDENCE: canonical=80.0 persisted=79.0
]]></system-out>
  <system-err><![CDATA[]]></system-err>
</testsuite>
